  CatScene.cpp
D:\DirectXSamples\3DComponentGithub\trunk\DirecrX-3D-Component-Base-Engine-master\Camera.h(11,25): warning C4324: 'Camera': 맞춤 지정자 때문에 구조체가 채워졌습니다.
D:\DirectXSamples\3DComponentGithub\trunk\DirecrX-3D-Component-Base-Engine-master\MeshRenderer.h(11,24): warning C4324: 'MeshRenderer': 맞춤 지정자 때문에 구조체가 채워졌습니다.
D:\DirectXSamples\3DComponentGithub\trunk\DirecrX-3D-Component-Base-Engine-master\GameObject.h(34,1): warning C4316: 'Camera': 힙에 할당된 개체가 16에 맞추어져 있지 않을 수도 있습니다
D:\DirectXSamples\3DComponentGithub\trunk\DirecrX-3D-Component-Base-Engine-master\CatScene.cpp(9): message : 컴파일되는 함수 템플릿 인스턴스화 'T &GameObject::AddComponent<Camera>(void)'에 대한 참조를 확인하세요.
          with
          [
              T=Camera
          ]
D:\DirectXSamples\3DComponentGithub\trunk\DirecrX-3D-Component-Base-Engine-master\GameObject.h(34,1): warning C4316: 'MeshRenderer': 힙에 할당된 개체가 16에 맞추어져 있지 않을 수도 있습니다
D:\DirectXSamples\3DComponentGithub\trunk\DirecrX-3D-Component-Base-Engine-master\CatScene.cpp(16): message : 컴파일되는 함수 템플릿 인스턴스화 'T &GameObject::AddComponent<MeshRenderer>(void)'에 대한 참조를 확인하세요.
          with
          [
              T=MeshRenderer
          ]
D:\DirectXSamples\3DComponentGithub\trunk\DirecrX-3D-Component-Base-Engine-master\GameObject.h(47,20): warning C4018: '<': signed 또는 unsigned가 일치하지 않습니다.
D:\DirectXSamples\3DComponentGithub\trunk\DirecrX-3D-Component-Base-Engine-master\CatScene.cpp(17): message : 컴파일되는 함수 템플릿 인스턴스화 'T &GameObject::GetComponent<MeshRenderer>(void)'에 대한 참조를 확인하세요.
          with
          [
              T=MeshRenderer
          ]
D:\DirectXSamples\3DComponentGithub\trunk\DirecrX-3D-Component-Base-Engine-master\GameObject.h(52): warning C4715: 'GameObject::GetComponent<MeshRenderer>': 모든 제어 경로에서 값을 반환하지는 않습니다.
  3D Sample Engine_2010.vcxproj -> D:\DirectXSamples\3DComponentGithub\trunk\DirecrX-3D-Component-Base-Engine-master\Debug\3D Sample Engine.exe
